-------------------------------------------------------------------------------
Test set: com.ecole221.domain.entity.school.NomClasseTest
-------------------------------------------------------------------------------
Tests run: 5, Failures: 2, Errors: 0, Skipped: 0, Time elapsed: 0.024 s <<< FAILURE! -- in com.ecole221.domain.entity.school.NomClasseTest
com.ecole221.domain.entity.school.NomClasseTest.nom_classe_null_est_refuse -- Time elapsed: 0.008 s <<< FAILURE!
org.opentest4j.AssertionFailedError: Unexpected exception type thrown, expected: <java.lang.IllegalArgumentException> but was: <java.lang.NullPointerException>
	at org.junit.jupiter.api.AssertionFailureBuilder.build(AssertionFailureBuilder.java:151)
	at org.junit.jupiter.api.AssertThrows.assertThrows(AssertThrows.java:67)
	at org.junit.jupiter.api.AssertThrows.assertThrows(AssertThrows.java:35)
	at org.junit.jupiter.api.Assertions.assertThrows(Assertions.java:3115)
	at com.ecole221.domain.entity.school.NomClasseTest.nom_classe_null_est_refuse(NomClasseTest.java:26)
	at java.base/java.lang.reflect.Method.invoke(Method.java:580)
	at java.base/java.util.ArrayList.forEach(ArrayList.java:1596)
	at java.base/java.util.ArrayList.forEach(ArrayList.java:1596)
Caused by: java.lang.NullPointerException: ID obligatoire
	at java.base/java.util.Objects.requireNonNull(Objects.java:259)
	at com.ecole221.domain.shared.EntityId.<init>(EntityId.java:11)
	at com.ecole221.domain.entity.school.NomClasse.<init>(NomClasse.java:7)
	at com.ecole221.domain.entity.school.NomClasseTest.lambda$nom_classe_null_est_refuse$1(NomClasseTest.java:27)
	at org.junit.jupiter.api.AssertThrows.assertThrows(AssertThrows.java:53)
	... 6 more

com.ecole221.domain.entity.school.NomClasseTest.nom_classe_vide_est_refuse -- Time elapsed: 0 s <<< FAILURE!
org.opentest4j.AssertionFailedError: Expected java.lang.IllegalArgumentException to be thrown, but nothing was thrown.
	at org.junit.jupiter.api.AssertionFailureBuilder.build(AssertionFailureBuilder.java:152)
	at org.junit.jupiter.api.AssertThrows.assertThrows(AssertThrows.java:73)
	at org.junit.jupiter.api.AssertThrows.assertThrows(AssertThrows.java:35)
	at org.junit.jupiter.api.Assertions.assertThrows(Assertions.java:3115)
	at com.ecole221.domain.entity.school.NomClasseTest.nom_classe_vide_est_refuse(NomClasseTest.java:20)
	at java.base/java.lang.reflect.Method.invoke(Method.java:580)
	at java.base/java.util.ArrayList.forEach(ArrayList.java:1596)
	at java.base/java.util.ArrayList.forEach(ArrayList.java:1596)

